08:29:20.129 [main] DEBUG Parser - Debug: 2
08:29:20.130 [main] DEBUG Parser - Debug: 1
08:29:20.132 [main] DEBUG Parser - Debug: 1
08:29:20.133 [main] DEBUG Parser - Debug: 1
08:29:20.134 [main] DEBUG Parser - Debug: 1
08:29:20.169 [main] DEBUG Parser$CUP$Parser$actions - {
  "@class":"ast.Program",
  "body":[
    {
      "@class":"ast.AnnAssign",
      "annotation":{
        "@class":"ast.Name",
        "ctx":null,
        "id":"address",
        "location":{
          "@class":"typecheck.CodeLocation",
          "columnNo":15,
          "lineNo":1
        }
      },
      "isConst":true,
      "location":{
        "@class":"typecheck.CodeLocation",
        "columnNo":15,
        "lineNo":1
      },
      "simple":true,
      "target":{
        "@class":"ast.Name",
        "ctx":null,
        "id":"ALICE",
        "location":{
          "@class":"typecheck.CodeLocation",
          "columnNo":1,
          "lineNo":1
        }
      },
      "value":{
        "@class":"ast.Num",
        "location":{
          "@class":"typecheck.CodeLocation",
          "columnNo":25,
          "lineNo":1
        },
        "value":0
      }
    },
    {
      "@class":"ast.AnnAssign",
      "annotation":{
        "@class":"ast.Name",
        "ctx":null,
        "id":"address",
        "location":{
          "@class":"typecheck.CodeLocation",
          "columnNo":13,
          "lineNo":2
        }
      },
      "isConst":true,
      "location":{
        "@class":"typecheck.CodeLocation",
        "columnNo":13,
        "lineNo":2
      },
      "simple":true,
      "target":{
        "@class":"ast.Name",
        "ctx":null,
        "id":"BOB",
        "location":{
          "@class":"typecheck.CodeLocation",
          "columnNo":1,
          "lineNo":2
        }
      },
      "value":{
        "@class":"ast.Num",
        "location":{
          "@class":"typecheck.CodeLocation",
          "columnNo":23,
          "lineNo":2
        },
        "value":1
      }
    },
    {
      "@class":"ast.FunctionDef",
      "args":{
        "@class":"ast.Arguments",
        "args":[
          {
            "@class":"ast.Arg",
            "annotation":{
              "@class":"ast.LabeledType",
              "ifl":{
                "@class":"ast.PrimitiveIfLabel",
                "location":{
                  "@class":"typecheck.CodeLocation",
                  "columnNo":24,
                  "lineNo":4
                },
                "value":{
                  "@class":"ast.Name",
                  "ctx":null,
                  "id":"ALICE",
                  "location":{
                    "@class":"typecheck.CodeLocation",
                    "columnNo":24,
                    "lineNo":4
                  }
                }
              },
              "location":{
                "@class":"typecheck.CodeLocation",
                "columnNo":20,
                "lineNo":4
              },
              "x":{
                "@class":"ast.Name",
                "ctx":null,
                "id":"int",
                "location":{
                  "@class":"typecheck.CodeLocation",
                  "columnNo":20,
                  "lineNo":4
                }
              }
            },
            "location":{
              "@class":"typecheck.CodeLocation",
              "columnNo":16,
              "lineNo":4
            },
            "name":{
              "@class":"ast.Name",
              "ctx":null,
              "id":"x",
              "location":{
                "@class":"typecheck.CodeLocation",
                "columnNo":16,
                "lineNo":4
              }
            }
          }
        ],
        "defaults":null,
        "location":{
          "@class":"typecheck.CodeLocation",
          "columnNo":29,
          "lineNo":4
        }
      },
      "body":[
        {
          "@class":"ast.Return",
          "location":{
            "@class":"typecheck.CodeLocation",
            "columnNo":5,
            "lineNo":5
          },
          "value":{
            "@class":"ast.BinOp",
            "left":{
              "@class":"ast.Name",
              "ctx":null,
              "id":"x",
              "location":{
                "@class":"typecheck.CodeLocation",
                "columnNo":12,
                "lineNo":5
              }
            },
            "location":{
              "@class":"typecheck.CodeLocation",
              "columnNo":12,
              "lineNo":5
            },
            "op":"Mult",
            "right":{
              "@class":"ast.Name",
              "ctx":null,
              "id":"x",
              "location":{
                "@class":"typecheck.CodeLocation",
                "columnNo":16,
                "lineNo":5
              }
            }
          }
        }
      ],
      "decoratorList":null,
      "location":{
        "@class":"typecheck.CodeLocation",
        "columnNo":1,
        "lineNo":4
      },
      "name":{
        "@class":"ast.LabeledType",
        "ifl":{
          "@class":"ast.PrimitiveIfLabel",
          "location":{
            "@class":"typecheck.CodeLocation",
            "columnNo":9,
            "lineNo":4
          },
          "value":{
            "@class":"ast.Name",
            "ctx":null,
            "id":"ALICE",
            "location":{
              "@class":"typecheck.CodeLocation",
              "columnNo":9,
              "lineNo":4
            }
          }
        },
        "location":{
          "@class":"typecheck.CodeLocation",
          "columnNo":5,
          "lineNo":4
        },
        "x":{
          "@class":"ast.Name",
          "ctx":null,
          "id":"sqr",
          "location":{
            "@class":"typecheck.CodeLocation",
            "columnNo":5,
            "lineNo":4
          }
        }
      },
      "rnt":{
        "@class":"ast.LabeledType",
        "ifl":{
          "@class":"ast.PrimitiveIfLabel",
          "location":{
            "@class":"typecheck.CodeLocation",
            "columnNo":39,
            "lineNo":4
          },
          "value":{
            "@class":"ast.Name",
            "ctx":null,
            "id":"ALICE",
            "location":{
              "@class":"typecheck.CodeLocation",
              "columnNo":39,
              "lineNo":4
            }
          }
        },
        "location":{
          "@class":"typecheck.CodeLocation",
          "columnNo":35,
          "lineNo":4
        },
        "x":{
          "@class":"ast.Name",
          "ctx":null,
          "id":"int",
          "location":{
            "@class":"typecheck.CodeLocation",
            "columnNo":35,
            "lineNo":4
          }
        }
      }
    },
    {
      "@class":"ast.FunctionDef",
      "args":{
        "@class":"ast.Arguments",
        "args":[
          {
            "@class":"ast.Arg",
            "annotation":{
              "@class":"ast.LabeledType",
              "ifl":{
                "@class":"ast.PrimitiveIfLabel",
                "location":{
                  "@class":"typecheck.CodeLocation",
                  "columnNo":22,
                  "lineNo":7
                },
                "value":{
                  "@class":"ast.Name",
                  "ctx":null,
                  "id":"ALICE",
                  "location":{
                    "@class":"typecheck.CodeLocation",
                    "columnNo":22,
                    "lineNo":7
                  }
                }
              },
              "location":{
                "@class":"typecheck.CodeLocation",
                "columnNo":18,
                "lineNo":7
              },
              "x":{
                "@class":"ast.Name",
                "ctx":null,
                "id":"int",
                "location":{
                  "@class":"typecheck.CodeLocation",
                  "columnNo":18,
                  "lineNo":7
                }
              }
            },
            "location":{
              "@class":"typecheck.CodeLocation",
              "columnNo":14,
              "lineNo":7
            },
            "name":{
              "@class":"ast.Name",
              "ctx":null,
              "id":"x",
              "location":{
                "@class":"typecheck.CodeLocation",
                "columnNo":14,
                "lineNo":7
              }
            }
          }
        ],
        "defaults":null,
        "location":{
          "@class":"typecheck.CodeLocation",
          "columnNo":27,
          "lineNo":7
        }
      },
      "body":[
        {
          "@class":"ast.Return",
          "location":{
            "@class":"typecheck.CodeLocation",
            "columnNo":5,
            "lineNo":8
          },
          "value":{
            "@class":"ast.Call",
            "args":[
              {
                "@class":"ast.Name",
                "ctx":null,
                "id":"x",
                "location":{
                  "@class":"typecheck.CodeLocation",
                  "columnNo":16,
                  "lineNo":8
                }
              }
            ],
            "keywords":[
            ],
            "location":{
              "@class":"typecheck.CodeLocation",
              "columnNo":16,
              "lineNo":8
            },
            "value":{
              "@class":"ast.Name",
              "ctx":null,
              "id":"sqr",
              "location":{
                "@class":"typecheck.CodeLocation",
                "columnNo":12,
                "lineNo":8
              }
            }
          }
        }
      ],
      "decoratorList":null,
      "location":{
        "@class":"typecheck.CodeLocation",
        "columnNo":1,
        "lineNo":7
      },
      "name":{
        "@class":"ast.LabeledType",
        "ifl":{
          "@class":"ast.PrimitiveIfLabel",
          "location":{
            "@class":"typecheck.CodeLocation",
            "columnNo":7,
            "lineNo":7
          },
          "value":{
            "@class":"ast.Name",
            "ctx":null,
            "id":"ALICE",
            "location":{
              "@class":"typecheck.CodeLocation",
              "columnNo":7,
              "lineNo":7
            }
          }
        },
        "location":{
          "@class":"typecheck.CodeLocation",
          "columnNo":5,
          "lineNo":7
        },
        "x":{
          "@class":"ast.Name",
          "ctx":null,
          "id":"f",
          "location":{
            "@class":"typecheck.CodeLocation",
            "columnNo":5,
            "lineNo":7
          }
        }
      },
      "rnt":{
        "@class":"ast.LabeledType",
        "ifl":{
          "@class":"ast.PrimitiveIfLabel",
          "location":{
            "@class":"typecheck.CodeLocation",
            "columnNo":37,
            "lineNo":7
          },
          "value":{
            "@class":"ast.Name",
            "ctx":null,
            "id":"ALICE",
            "location":{
              "@class":"typecheck.CodeLocation",
              "columnNo":37,
              "lineNo":7
            }
          }
        },
        "location":{
          "@class":"typecheck.CodeLocation",
          "columnNo":33,
          "lineNo":7
        },
        "x":{
          "@class":"ast.Name",
          "ctx":null,
          "id":"int",
          "location":{
            "@class":"typecheck.CodeLocation",
            "columnNo":33,
            "lineNo":7
          }
        }
      }
    },
    {
      "@class":"ast.FunctionDef",
      "args":{
        "@class":"ast.Arguments",
        "args":[
          {
            "@class":"ast.Arg",
            "annotation":{
              "@class":"ast.LabeledType",
              "ifl":{
                "@class":"ast.PrimitiveIfLabel",
                "location":{
                  "@class":"typecheck.CodeLocation",
                  "columnNo":20,
                  "lineNo":10
                },
                "value":{
                  "@class":"ast.Name",
                  "ctx":null,
                  "id":"BOB",
                  "location":{
                    "@class":"typecheck.CodeLocation",
                    "columnNo":20,
                    "lineNo":10
                  }
                }
              },
              "location":{
                "@class":"typecheck.CodeLocation",
                "columnNo":16,
                "lineNo":10
              },
              "x":{
                "@class":"ast.Name",
                "ctx":null,
                "id":"int",
                "location":{
                  "@class":"typecheck.CodeLocation",
                  "columnNo":16,
                  "lineNo":10
                }
              }
            },
            "location":{
              "@class":"typecheck.CodeLocation",
              "columnNo":12,
              "lineNo":10
            },
            "name":{
              "@class":"ast.Name",
              "ctx":null,
              "id":"x",
              "location":{
                "@class":"typecheck.CodeLocation",
                "columnNo":12,
                "lineNo":10
              }
            }
          }
        ],
        "defaults":null,
        "location":{
          "@class":"typecheck.CodeLocation",
          "columnNo":23,
          "lineNo":10
        }
      },
      "body":[
        {
          "@class":"ast.Return",
          "location":{
            "@class":"typecheck.CodeLocation",
            "columnNo":5,
            "lineNo":11
          },
          "value":{
            "@class":"ast.Call",
            "args":[
              {
                "@class":"ast.Name",
                "ctx":null,
                "id":"x",
                "location":{
                  "@class":"typecheck.CodeLocation",
                  "columnNo":16,
                  "lineNo":11
                }
              }
            ],
            "keywords":[
            ],
            "location":{
              "@class":"typecheck.CodeLocation",
              "columnNo":16,
              "lineNo":11
            },
            "value":{
              "@class":"ast.Name",
              "ctx":null,
              "id":"sqr",
              "location":{
                "@class":"typecheck.CodeLocation",
                "columnNo":12,
                "lineNo":11
              }
            }
          }
        }
      ],
      "decoratorList":null,
      "location":{
        "@class":"typecheck.CodeLocation",
        "columnNo":1,
        "lineNo":10
      },
      "name":{
        "@class":"ast.LabeledType",
        "ifl":{
          "@class":"ast.PrimitiveIfLabel",
          "location":{
            "@class":"typecheck.CodeLocation",
            "columnNo":7,
            "lineNo":10
          },
          "value":{
            "@class":"ast.Name",
            "ctx":null,
            "id":"BOB",
            "location":{
              "@class":"typecheck.CodeLocation",
              "columnNo":7,
              "lineNo":10
            }
          }
        },
        "location":{
          "@class":"typecheck.CodeLocation",
          "columnNo":5,
          "lineNo":10
        },
        "x":{
          "@class":"ast.Name",
          "ctx":null,
          "id":"g",
          "location":{
            "@class":"typecheck.CodeLocation",
            "columnNo":5,
            "lineNo":10
          }
        }
      },
      "rnt":{
        "@class":"ast.LabeledType",
        "ifl":{
          "@class":"ast.PrimitiveIfLabel",
          "location":{
            "@class":"typecheck.CodeLocation",
            "columnNo":33,
            "lineNo":10
          },
          "value":{
            "@class":"ast.Name",
            "ctx":null,
            "id":"BOB",
            "location":{
              "@class":"typecheck.CodeLocation",
              "columnNo":33,
              "lineNo":10
            }
          }
        },
        "location":{
          "@class":"typecheck.CodeLocation",
          "columnNo":29,
          "lineNo":10
        },
        "x":{
          "@class":"ast.Name",
          "ctx":null,
          "id":"int",
          "location":{
            "@class":"typecheck.CodeLocation",
            "columnNo":29,
            "lineNo":10
          }
        }
      }
    }
  ],
  "location":{
    "@class":"typecheck.CodeLocation",
    "columnNo":1,
    "lineNo":1
  }
}
08:29:20.171 [main] DEBUG TypeChecker - Finish
08:29:20.174 [main] DEBUG TypeChecker - Display varMap:
08:29:20.175 [main] DEBUG TypeChecker - BOB..lbl
08:29:20.178 [main] DEBUG TypeChecker - : {
  "@class":"typecheck.VarInfo",
  "fullName":"BOB",
  "label":null,
  "localName":"BOB",
  "location":{
    "@class":"typecheck.CodeLocation",
    "columnNo":13,
    "lineNo":2
  },
  "type":{
    "@class":"typecheck.TypeInfo",
    "ifl":null,
    "isConst":true,
    "label":null,
    "typeName":"address"
  }
}
08:29:20.179 [main] DEBUG TypeChecker - ALICE..lbl
08:29:20.179 [main] DEBUG TypeChecker - : {
  "@class":"typecheck.VarInfo",
  "fullName":"ALICE",
  "label":null,
  "localName":"ALICE",
  "location":{
    "@class":"typecheck.CodeLocation",
    "columnNo":15,
    "lineNo":1
  },
  "type":{
    "@class":"typecheck.TypeInfo",
    "ifl":null,
    "isConst":true,
    "label":null,
    "typeName":"address"
  }
}
08:29:20.189 [main] DEBUG TypeChecker - Writing the constraints of size 39
